  D3DResourceLeakChecker.cpp
  DirectXCommon.cpp
  imgui.cpp
  imgui_demo.cpp
  imgui_draw.cpp
  imgui_impl_dx12.cpp
  imgui_impl_win32.cpp
  imgui_tables.cpp
  imgui_widgets.cpp
  Input.cpp
  Logger.cpp
  main.cpp
  Model.cpp
  ModelCommon.cpp
  ModelManager.cpp
  MyMath.cpp
  Object3d.cpp
  Object3dCommon.cpp
  Sprite.cpp
  SpriteCommon.cpp
  StringUility.cpp
  TextureManager.cpp
  WinApp.cpp
  LINK : 前回のインクリメンタル リンクで C:\GameProject\project\..\generated\output\Debug\CG2_setting.exe が見つからなかったか、ビルドされませんでした。フル リンクを行います。
  CG2_setting.vcxproj -> C:\GameProject\generated\output\Debug\CG2_setting.exe
          1 file(s) copied.
          1 file(s) copied.
